<?xml version="1.0" encoding="UTF-8"?>
<!-- Generated by org.testng.reporters.JUnitXMLReporter -->
<testsuite hostname="DESKTOP-858LOL2" ignored="0" name="Dubli App Test Cases" tests="2" failures="0" timestamp="26 Dec 2018 14:45:16 GMT" time="48.093" errors="0">
  <testcase name="loginPageTitleTest" time="0.441" classname="com.dubli.qa.testcases.LoginPageTest"/>
  <testcase name="loginTest" time="4.45" classname="com.dubli.qa.testcases.LoginPageTest"/>
</testsuite> <!-- Dubli App Test Cases -->
